<?xml version="1.0" encoding="UTF-8"?>
<!-- Generated by org.testng.reporters.JUnitReportReporter -->
<testsuite skipped="0" hostname="Riyana_Saffrin" name="com.test.flipkart" tests="9" failures="0" timestamp="2022-10-18T12:49:08 IST" time="157.251" errors="0">
  <testcase name="loadTime" time="47.021" classname="com.test.flipkart"/>
  <system-out/>
  <testcase name="search" time="1.880" classname="com.test.flipkart"/>
  <system-out/>
  <testcase name="scroll" time="2.940" classname="com.test.flipkart"/>
  <system-out/>
  <testcase name="contentRefresh" time="9.528" classname="com.test.flipkart"/>
  <system-out/>
  <testcase name="imageDisplay" time="7.274" classname="com.test.flipkart"/>
  <system-out/>
  <testcase name="bottomScroll" time="7.130" classname="com.test.flipkart"/>
  <system-out/>
  <testcase name="imgHeight" time="1.589" classname="com.test.flipkart"/>
  <system-out/>
  <testcase name="diffBrowChrome" time="1.468" classname="com.test.flipkart"/>
  <system-out/>
  <testcase name="diffBrowEdge" time="78.421" classname="com.test.flipkart"/>
  <system-out/>
</testsuite> <!-- com.test.flipkart -->
